    Checking super-app v0.1.0 (/Users/pietroelaura/Desktop/superApp)
warning: unused import: `hex`
 --> src/components/browser_page.rs:5:5
  |
5 | use hex;
  |     ^^^
  |
  = note: `#[warn(unused_imports)]` (part of `#[warn(unused)]`) on by default

warning: use of deprecated struct `sha2::digest::generic_array::GenericArray`: please upgrade to generic-array 1.x
   --> src/backend/mod.rs:312:75
    |
312 | ...                   let nonce = aes_gcm::aead::generic_array::GenericArray::from_slice(&nonce_bytes);
    |                                                                 ^^^^^^^^^^^^
    |
    = note: `#[warn(deprecated)]` on by default

warning: use of deprecated struct `sha2::digest::generic_array::GenericArray`: please upgrade to generic-array 1.x
   --> src/components/messaging_page.rs:547:85
    |
547 | ...                   let nonce_arr = aes_gcm::aead::generic_array::GenericArray::from_slice(&nonce_bytes);
    |                                                                     ^^^^^^^^^^^^

warning: use of deprecated associated function `sha2::digest::generic_array::GenericArray::<T, N>::from_slice`: please upgrade to generic-array 1.x
   --> src/backend/mod.rs:724:73
    |
724 |                     let key = Aes256Gcm::new(aes_gcm::Key::<Aes256Gcm>::from_slice(shared_secret.as_bytes()));
    |                                                                         ^^^^^^^^^^

warning: unused variable: `peer`
    --> src/backend/mod.rs:2070:56
     |
2070 |                     request_response::Event::Message { peer, message } => {
     |                                                        ^^^^ help: try ignoring the field: `peer: _`
     |
     = note: `#[warn(unused_variables)]` (part of `#[warn(unused)]`) on by default

warning: unused variable: `request_id`
    --> src/backend/mod.rs:2216:45
     |
2216 | ...   let request_id = self.swarm.behaviour_mut().request_response.send_request(&peer, BlockRequest::LocalSearch(query.clone()));
     |           ^^^^^^^^^^ help: if this is intentional, prefix it with an underscore: `_request_id`

warning: use of deprecated associated function `sha2::digest::generic_array::GenericArray::<T, N>::from_slice`: please upgrade to generic-array 1.x
   --> src/backend/mod.rs:307:68
    |
307 |                         let key_array = aes_gcm::Key::<Aes256Gcm>::from_slice(shared_secret_bytes);
    |                                                                    ^^^^^^^^^^

warning: use of deprecated associated function `sha2::digest::generic_array::GenericArray::<T, N>::from_slice`: please upgrade to generic-array 1.x
   --> src/backend/mod.rs:312:89
    |
312 | ...                   let nonce = aes_gcm::aead::generic_array::GenericArray::from_slice(&nonce_bytes);
    |                                                                               ^^^^^^^^^^

warning: use of deprecated associated function `sha2::digest::generic_array::GenericArray::<T, N>::from_slice`: please upgrade to generic-array 1.x
   --> src/components/messaging_page.rs:545:80
    |
545 | ...                   let key_arr = aes_gcm::Key::<Aes256Gcm>::from_slice(&key_bytes);
    |                                                                ^^^^^^^^^^

warning: use of deprecated associated function `sha2::digest::generic_array::GenericArray::<T, N>::from_slice`: please upgrade to generic-array 1.x
   --> src/components/messaging_page.rs:547:99
    |
547 | ...                   let nonce_arr = aes_gcm::aead::generic_array::GenericArray::from_slice(&nonce_bytes);
    |                                                                                   ^^^^^^^^^^

warning: variable does not need to be mutable
  --> src/backend/wasm.rs:21:13
   |
21 |         let mut store_data = StoreData {
   |             ----^^^^^^^^^^
   |             |
   |             help: remove this `mut`
   |
   = note: `#[warn(unused_mut)]` (part of `#[warn(unused)]`) on by default

warning: variable does not need to be mutable
   --> src/backend/wasm.rs:131:13
    |
131 |         let mut store_data = StoreData {
    |             ----^^^^^^^^^^
    |             |
    |             help: remove this `mut`

warning: variable does not need to be mutable
   --> src/backend/mod.rs:337:13
    |
337 |         let mut target_peers = connected_peers.clone();
    |             ----^^^^^^^^^^^^
    |             |
    |             help: remove this `mut`

error[E0502]: cannot borrow `pending_upload` as mutable because it is also borrowed as immutable
  --> src/components/messaging_page.rs:67:17
   |
59 |             if let Some((key, nonce, mime, filename)) = pending_upload.read().clone() {
   |                                                         ---------------------
   |                                                         |
   |                                                         immutable borrow occurs here
   |                                                         a temporary with access to the immutable borrow is created here ...
...
67 |                 pending_upload.set(None);
   |                 ^^^^^^^^^^^^^^^^^^^^^^^^ mutable borrow occurs here
...
70 |         }
   |         - ... and the immutable borrow might be used here, when that temporary is dropped and runs the destructor for type `GenerationalRef<std::cell::Ref<'_, std::option::Option<(std::string::String, std::string::String, std::string::String, std::string::String)>>>`

error[E0502]: cannot borrow `last_uploaded_file_info` as mutable because it is also borrowed as immutable
   --> src/components/messaging_page.rs:129:14
    |
121 |         if let Some((cid, key, nonce, mime, filename)) = last_uploaded_file_info.read().clone() {
    |                                                          ------------------------------
    |                                                          |
    |                                                          immutable borrow occurs here
    |                                                          a temporary with access to the immutable borrow is created here ...
...
129 |              last_uploaded_file_info.set(None);
    |              ^^^^^^^^^^^^^^^^^^^^^^^^^^^^^^^^^ mutable borrow occurs here
130 |         }
131 |     });
    |     - ... and the immutable borrow might be used here, when that temporary is dropped and runs the destructor for type `GenerationalRef<std::cell::Ref<'_, std::option::Option<(std::string::String, std::string::String, std::string::String, std::string::String, std::string::String)>>>`

warning: unused variable: `app_state`
   --> src/components/messaging_page.rs:476:9
    |
476 |     let app_state = use_context::<AppState>();
    |         ^^^^^^^^^ help: if this is intentional, prefix it with an underscore: `_app_state`

warning: unused variable: `cmd_tx`
   --> src/components/messaging_page.rs:477:9
    |
477 |     let cmd_tx = use_context::<UnboundedSender<AppCmd>>();
    |         ^^^^^^ help: if this is intentional, prefix it with an underscore: `_cmd_tx`

error[E0382]: borrow of moved value
   --> src/components/messaging_page.rs:567:28
    |
507 | #[component]
    | ------------ move occurs because value has type `std::string::String`, which does not implement the `Copy` trait
...
531 |     use_effect(move || {
    |                ------- value moved into closure here
...
551 |                                           let final_url = format!("data:{};base64,{}", mime, b64_plain);
    |                                                                                        ---- variable moved due to use in closure
...
567 |     let mime_image_check = mime.clone();
    |                            ^^^^ value borrowed here after move

warning: unreachable pattern
   --> src/main.rs:253:21
    |
250 |                     AppEvent::MyWebPagesFetched(pages) => {
    |                     ---------------------------------- matches all the relevant values
...
253 |                     AppEvent::MyWebPagesFetched(pages) => {
    |                     ^^^^^^^^^^^^^^^^^^^^^^^^^^^^^^^^^^ no value can reach this
    |
    = note: `#[warn(unreachable_patterns)]` (part of `#[warn(unused)]`) on by default

warning: variable does not need to be mutable
  --> src/main.rs:66:9
   |
66 |     let mut blocks = use_signal(|| Vec::<DagNode>::new());
   |         ----^^^^^^
   |         |
   |         help: remove this `mut`

warning: variable does not need to be mutable
  --> src/main.rs:67:9
   |
67 |     let mut history = use_signal(|| Vec::<DagNode>::new());
   |         ----^^^^^^^
   |         |
   |         help: remove this `mut`

warning: variable does not need to be mutable
  --> src/main.rs:68:9
   |
68 |     let mut user_profiles = use_signal(|| std::collections::HashMap::<String, backend::dag::ProfilePayload>::new());
   |         ----^^^^^^^^^^^^^
   |         |
   |         help: remove this `mut`

warning: variable does not need to be mutable
  --> src/main.rs:69:9
   |
69 |     let mut page_title = use_signal(|| "SuperApp".to_string());
   |         ----^^^^^^^^^^
   |         |
   |         help: remove this `mut`

warning: variable does not need to be mutable
  --> src/main.rs:70:9
   |
70 |     let mut browser_url = use_signal(|| "sp://welcome".to_string());
   |         ----^^^^^^^^^^^
   |         |
   |         help: remove this `mut`

warning: variable does not need to be mutable
  --> src/main.rs:71:9
   |
71 |     let mut browser_content = use_signal(|| None::<String>);
   |         ----^^^^^^^^^^^^^^^
   |         |
   |         help: remove this `mut`

warning: variable does not need to be mutable
  --> src/main.rs:72:9
   |
72 |     let mut active_tab = use_signal(|| "feed".to_string());
   |         ----^^^^^^^^^^
   |         |
   |         help: remove this `mut`

Some errors have detailed explanations: E0382, E0502.
For more information about an error, try `rustc --explain E0382`.
warning: `super-app` (bin "super-app") generated 23 warnings
error: could not compile `super-app` (bin "super-app") due to 3 previous errors; 23 warnings emitted
